-------------------------------------------------------------------------------
Test set: ru.andersenlab.lesson.FirstTest
-------------------------------------------------------------------------------
Tests run: 5, Failures: 2, Errors: 0, Skipped: 0, Time elapsed: 11.608 sec <<< FAILURE! - in ru.andersenlab.lesson.FirstTest
check_title_page on check_title_page(ru.andersenlab.lesson.FirstTest)(ru.andersenlab.lesson.FirstTest)  Time elapsed: 0.056 sec  <<< FAILURE!
org.junit.ComparisonFailure: expected:<Ğ[ ĞµĞ³Ğ¸ÑÑ‚Ñ€Ğ°Ñ†Ğ¸Ñ â€” @Ğ´Ğ½ĞµĞ²Ğ½Ğ¸ĞºĞ¸: Ğ°ÑĞ¾Ñ†Ğ¸Ğ°Ğ»ÑŒĞ½Ğ°Ñ ÑĞµÑ‚ÑŒ]> but was:<Ğ[åãèñòğàöèÿ — @äíåâíèêè: àñîöèàëüíàÿ ñåòü]>
	at ru.andersenlab.lesson.FirstTest.check_title_page(FirstTest.java:90)

check_field on check_field(ru.andersenlab.lesson.FirstTest)(ru.andersenlab.lesson.FirstTest)  Time elapsed: 0.038 sec  <<< FAILURE!
org.junit.ComparisonFailure: expected:<[]> but was:<[Test@ya.ru]>
	at ru.andersenlab.lesson.FirstTest.check_field(FirstTest.java:47)

