<?xml version="1.0" encoding="UTF-8"?>
<testsuite xmlns:xsi="http://www.w3.org/2001/XMLSchema-instance" xsi:schemaLocation="https://maven.apache.org/surefire/maven-surefire-plugin/xsd/surefire-test-report.xsd" name="ru.andersenlab.lesson.FirstTest" time="11.608" tests="5" errors="0" skipped="0" failures="2">
  <properties>
[...]
</properties>
  <testcase name="enter_email on enter_email(ru.andersenlab.lesson.FirstTest)" classname="ru.andersenlab.lesson.FirstTest" time="0.682"/>
  <testcase name="enter_login on enter_login(ru.andersenlab.lesson.FirstTest)" classname="ru.andersenlab.lesson.FirstTest" time="0.783"/>
  <testcase name="check_title_page on check_title_page(ru.andersenlab.lesson.FirstTest)" classname="ru.andersenlab.lesson.FirstTest" time="0.056">
    <failure message="expected:&lt;Р[ РµРіРёСЃС‚СЂР°С†РёСЏ вЂ” @РґРЅРµРІРЅРёРєРё: Р°СЃРѕС†РёР°Р»СЊРЅР°СЏ СЃРµС‚СЊ]&gt; but was:&lt;Р[егистрация — @дневники: асоциальная сеть]&gt;" type="org.junit.ComparisonFailure"><![CDATA[org.junit.ComparisonFailure: expected:<Р[ РµРіРёСЃС‚СЂР°С†РёСЏ вЂ” @РґРЅРµРІРЅРёРєРё: Р°СЃРѕС†РёР°Р»СЊРЅР°СЏ СЃРµС‚СЊ]> but was:<Р[егистрация — @дневники: асоциальная сеть]>
	at ru.andersenlab.lesson.FirstTest.check_title_page(FirstTest.java:90)
]]></failure>
  </testcase>
  <testcase name="try_regisrtration_whith_out_login on try_regisrtration_whith_out_login(ru.andersenlab.lesson.FirstTest)" classname="ru.andersenlab.lesson.FirstTest" time="0.302"/>
  <testcase name="check_field on check_field(ru.andersenlab.lesson.FirstTest)" classname="ru.andersenlab.lesson.FirstTest" time="0.038">
    <failure message="expected:&lt;[]&gt; but was:&lt;[Test@ya.ru]&gt;" type="org.junit.ComparisonFailure"><![CDATA[org.junit.ComparisonFailure: expected:<[]> but was:<[Test@ya.ru]>
	at ru.andersenlab.lesson.FirstTest.check_field(FirstTest.java:47)
]]></failure>
  </testcase>
</testsuite>