<?xml version="1.0" encoding="UTF-8"?>
<testsuite xmlns:xsi="http://www.w3.org/2001/XMLSchema-instance" xsi:schemaLocation="https://maven.apache.org/surefire/maven-surefire-plugin/xsd/surefire-test-report.xsd" name="ru.andersenlab.lesson.FirstTest" time="11.608" tests="5" errors="0" skipped="0" failures="2">
  <properties>
    <property name="java.runtime.name" value="Java(TM) SE Runtime Environment"/>
    <property name="java.vm.version" value="17.0.2+8-LTS-86"/>
    <property name="sun.boot.library.path" value="C:\Program Files\Java\jdk-17.0.2\bin"/>
    <property name="user.country.format" value="GB"/>
    <property name="maven.multiModuleProjectDirectory" value="C:\Users\sergey\IdeaProjects\myJavaproject\hellomaven"/>
    <property name="java.vm.vendor" value="Oracle Corporation"/>
    <property name="java.vendor.url" value="https://java.oracle.com/"/>
    <property name="guice.disable.misplaced.annotation.check" value="true"/>
    <property name="path.separator" value=";"/>
    <property name="java.vm.name" value="Java HotSpot(TM) 64-Bit Server VM"/>
    <property name="sun.os.patch.level" value=""/>
    <property name="user.script" value=""/>
    <property name="user.country" value="RU"/>
    <property name="sun.java.launcher" value="SUN_STANDARD"/>
    <property name="java.vm.specification.name" value="Java Virtual Machine Specification"/>
    <property name="user.dir" value="C:\Users\sergey\IdeaProjects\myJavaproject\hellomaven"/>
    <property name="java.vm.compressedOopsMode" value="32-bit"/>
    <property name="java.runtime.version" value="17.0.2+8-LTS-86"/>
    <property name="os.arch" value="amd64"/>
    <property name="java.io.tmpdir" value="C:\Users\sergey\AppData\Local\Temp\"/>
    <property name="line.separator" value="&#10;"/>
    <property name="java.vm.specification.vendor" value="Oracle Corporation"/>
    <property name="user.variant" value=""/>
    <property name="os.name" value="Windows 10"/>
    <property name="classworlds.conf" value="C:\maven\apache-maven-3.8.5\bin\m2.conf"/>
    <property name="sun.jnu.encoding" value="Cp1251"/>
    <property name="java.library.path" value="C:\Program Files\Java\jdk-17.0.2\bin;C:\Windows\Sun\Java\bin;C:\Windows\system32;C:\Windows;C:\Program Files\Common Files\Oracle\Java\javapath;C:\Program Files\Microsoft\jdk-11.0.12.7-hotspot\bin;E:\oracle\product\10.2.0\db_1\bin;E:\oracle\product\10.2.0\client_1;C:\ProgramData\Oracle\Java\javapath;C:\Windows\system32;C:\Windows;C:\Windows\System32\Wbem;C:\Windows\System32\WindowsPowerShell\v1.0\;C:\Program Files\Microsoft SQL Server\150\Tools\Binn\;C:\Program Files\Microsoft SQL Server\Client SDK\ODBC\170\Tools\Binn\;C:\Program Files\dotnet\;C:\Program Files\Git\cmd;C:\Program Files\Java\jdk-17.0.2\bin;C:\maven\apache-maven-3.8.5\bin;C:\Users\sergey\AppData\Local\Microsoft\WindowsApps;C:\Users\sergey\.dotnet\tools;C:\Program Files\JetBrains\IntelliJ IDEA Community Edition 2021.3.2\bin;;."/>
    <property name="maven.conf" value="C:\maven\apache-maven-3.8.5/conf"/>
    <property name="jdk.debug" value="release"/>
    <property name="java.class.version" value="61.0"/>
    <property name="java.specification.name" value="Java Platform API Specification"/>
    <property name="sun.management.compiler" value="HotSpot 64-Bit Tiered Compilers"/>
    <property name="os.version" value="10.0"/>
    <property name="library.jansi.path" value="C:\maven\apache-maven-3.8.5\lib\jansi-native"/>
    <property name="user.home" value="C:\Users\sergey"/>
    <property name="user.timezone" value="Europe/Moscow"/>
    <property name="file.encoding" value="Cp1251"/>
    <property name="java.specification.version" value="17"/>
    <property name="user.name" value="sergey"/>
    <property name="java.class.path" value="C:\maven\apache-maven-3.8.5\boot\plexus-classworlds-2.6.0.jar"/>
    <property name="java.vm.specification.version" value="17"/>
    <property name="sun.arch.data.model" value="64"/>
    <property name="sun.java.command" value="org.codehaus.plexus.classworlds.launcher.Launcher test"/>
    <property name="java.home" value="C:\Program Files\Java\jdk-17.0.2"/>
    <property name="user.language" value="ru"/>
    <property name="java.specification.vendor" value="Oracle Corporation"/>
    <property name="user.language.format" value="en"/>
    <property name="java.vm.info" value="mixed mode, sharing"/>
    <property name="java.version" value="17.0.2"/>
    <property name="native.encoding" value="Cp1251"/>
    <property name="java.vendor" value="Oracle Corporation"/>
    <property name="sun.stderr.encoding" value="cp866"/>
    <property name="maven.home" value="C:\maven\apache-maven-3.8.5"/>
    <property name="file.separator" value="\"/>
    <property name="java.version.date" value="2022-01-18"/>
    <property name="java.vendor.url.bug" value="https://bugreport.java.com/bugreport/"/>
    <property name="sun.io.unicode.encoding" value="UnicodeLittle"/>
    <property name="sun.cpu.endian" value="little"/>
    <property name="sun.stdout.encoding" value="cp866"/>
    <property name="sun.cpu.isalist" value="amd64"/>
  </properties>
  <testcase name="enter_email on enter_email(ru.andersenlab.lesson.FirstTest)" classname="ru.andersenlab.lesson.FirstTest" time="0.682"/>
  <testcase name="enter_login on enter_login(ru.andersenlab.lesson.FirstTest)" classname="ru.andersenlab.lesson.FirstTest" time="0.783"/>
  <testcase name="check_title_page on check_title_page(ru.andersenlab.lesson.FirstTest)" classname="ru.andersenlab.lesson.FirstTest" time="0.056">
    <failure message="expected:&lt;Р[ РµРіРёСЃС‚СЂР°С†РёСЏ вЂ” @РґРЅРµРІРЅРёРєРё: Р°СЃРѕС†РёР°Р»СЊРЅР°СЏ СЃРµС‚СЊ]&gt; but was:&lt;Р[егистрация — @дневники: асоциальная сеть]&gt;" type="org.junit.ComparisonFailure"><![CDATA[org.junit.ComparisonFailure: expected:<Р[ РµРіРёСЃС‚СЂР°С†РёСЏ вЂ” @РґРЅРµРІРЅРёРєРё: Р°СЃРѕС†РёР°Р»СЊРЅР°СЏ СЃРµС‚СЊ]> but was:<Р[егистрация — @дневники: асоциальная сеть]>
	at ru.andersenlab.lesson.FirstTest.check_title_page(FirstTest.java:90)
]]></failure>
  </testcase>
  <testcase name="try_regisrtration_whith_out_login on try_regisrtration_whith_out_login(ru.andersenlab.lesson.FirstTest)" classname="ru.andersenlab.lesson.FirstTest" time="0.302"/>
  <testcase name="check_field on check_field(ru.andersenlab.lesson.FirstTest)" classname="ru.andersenlab.lesson.FirstTest" time="0.038">
    <failure message="expected:&lt;[]&gt; but was:&lt;[Test@ya.ru]&gt;" type="org.junit.ComparisonFailure"><![CDATA[org.junit.ComparisonFailure: expected:<[]> but was:<[Test@ya.ru]>
	at ru.andersenlab.lesson.FirstTest.check_field(FirstTest.java:47)
]]></failure>
  </testcase>
</testsuite>